[
{
    "asin": "B002BXAMJS",
    "title": "Nature's Bounty Calcium-Magnesiuim-Zinc",
    "feature": [
        "Supports nerve function and impulses",
        "Inovled in proper muscle contraction impulse",
        "Also contains Vitamin D3 to help support immune health",
        "Provides multiple levels of support for strong, healthy bones",
        "These statements have not been evaluated by the Food and Drug Administration"
    ],
    "description": "Calcium is the primary mineral responsible for strong bones. The body also uses Calcium for proper muscle contraction, nerve function & heart function. Vitamin D assists in Calcium absorption & maintaining a healthy immune system. Because the body cannot produce Calcium, a balanced diet, regular exercise, healthy lifestyle choices & adequate intake of Calcium & Vitamin D can play a role in maintaining optimal bone health.",
    "price": 351.0,
    "prime": true,
    "images": [
        "https://images-na.ssl-images-amazon.com/images/I/51DOAwIzvrL._UL900_.jpg",
        "https://images-na.ssl-images-amazon.com/images/I/51YI1LtapwL._UL900_.jpg",
        "https://images-na.ssl-images-amazon.com/images/I/51vl%2BDP%2BxkL._UL900_.jpg",
        "https://images-na.ssl-images-amazon.com/images/I/41EjQoiGFNL._UL900_.jpg",
        "https://images-na.ssl-images-amazon.com/images/I/41QHTlsTg7L._UL900_.jpg",
        "https://images-na.ssl-images-amazon.com/images/I/41nc50qgFhL._UL900_.jpg",
        "https://images-na.ssl-images-amazon.com/images/I/41I7rcp7thL._UL900_.jpg"
    ],
    "categories": [
        {
            "node": "3760901",
            "title": "Health & Household"
        },
        {
            "node": "3764441",
            "title": "Vitamins & Dietary Supplements"
        },
        {
            "node": "3774271",
            "title": "Minerals"
        }
    ],
    "similar": [
        "B016I2JUWM",
        "B001LRPUMY",
        "B004L4EJQ2",
        "B0043ZLTT4",
        "B004WSIZ94",
        "B00NNR38JC",
        "B00NNOV1US",
        "B0101Q5ZD4",
        "B01FYD2CP8",
        "B00K5NEPHG",
        "B06X9YYMKT",
        "B01FYD2CP8",
        "B004L4EJQ2",
        "B0043ZLTT4",
        "B001LRPUMY",
        "B002FH5I0I",
        "B01FYDCGZ4"
    ]
},
{
    "asin": "B01GA0JCCU",
    "title": "Lazada Cartoon Stuffed Animal Baby Soft Plush Hand Rattle Toys Infant Dolls 2 PCS Random",
    "brand": "Lazada",
    "feature": [
        "Make sure this fits\nby entering your model number.",
        "Lazada Cartoon Stuffed Animal Baby Soft Plush Hand Rattle Toys Infant Dolls 2 PCS Random"
    ],
    "description": "Color:2pcs\n\n\nMade of high quality environmentally friendly plush fabric+ pp cotton filler.;Package included 2 pcs random styles rattle sticker toys.;Training your baby's finger grip ability and empowerment the power of wrist;Specially designed for baby and easy to grasp.Funny and attractive for parent-children games.;Best gifts for your baby birthday gifts.More suit for 6 mouth up to 2 years old baby",
    "price": 899.0,
    "prime": true,
    "dimension": {
        "length": "6 inches",
        "width": "4 inches",
        "height": "4 inches",
        "weight": "2.4 ounces"
    },
    "images": [
        "https://images-na.ssl-images-amazon.com/images/I/51j4kbqtjBL._UL900_.jpg",
        "https://images-na.ssl-images-amazon.com/images/I/41T2MS4h1DL._UL900_.jpg",
        "https://images-na.ssl-images-amazon.com/images/I/41sY0jgO99L._UL900_.jpg",
        "https://images-na.ssl-images-amazon.com/images/I/41v%2BESXudrL._UL900_.jpg",
        "https://images-na.ssl-images-amazon.com/images/I/41qcZpvS54L._UL900_.jpg",
        "https://images-na.ssl-images-amazon.com/images/I/41m8yr%2B5ACL._UL900_.jpg",
        "https://images-na.ssl-images-amazon.com/images/I/51T1V4pTUNL._UL900_.jpg"
    ],
    "attributes": [
        {
            "name": "Color:",
            "value": "2pcs"
        }
    ],
    "similar": [
        "B07BTRT8MP",
        "B077FX5WRD",
        "B00DWZ03H0",
        "B0787KRLMB",
        "B078962YP1",
        "B073VYDGQN",
        "B00705Y9L4",
        "B07926F7ZL",
        "B0789PJTJB",
        "B07FRXLLPK",
        "B076D7SQL5",
        "B000BNCA4K",
        "B01M014SKY",
        "B01LEVPG5W",
        "B01G4PVP58",
        "B01G6MOEIO",
        "B07F2664H4"
    ],
    "rating": 3.7
},
{
    "asin": "1138010588",
    "title": "Military Transformation and Strategy: Revolutions in Military Affairs and Small States (Contemporary Security Studies)",
    "brand": "by\n\t\n    \n    \n        \n        \n        \n            \n        \n        \n        \t\n        \t\n    \t\n\n\t\t\n\t\t\n\t\t\t\nBernard Loo\n\n(Editor)",
    "description": "About the Author\n\n\nBernard Loo is Assistant Professor at S. Rajaratnam School of International Studies, Singapore. \n\n\nRead more",
    "price": 5774.0,
    "prime": true,
    "categories": [
        {
            "node": "283155",
            "title": "Books"
        },
        {
            "node": "465600",
            "title": "New, Used & Rental Textbooks"
        },
        {
            "node": "468206",
            "title": "Humanities"
        }
    ]
},
{
    "asin": "B073XVPX83",
    "title": "Heelys Kids' Force Sneaker",
    "brand": "Heelys",
    "feature": [
        "Synthetic/Mesh",
        "Imported",
        "Rubber sole",
        "Shaft measures approximately low-top from arch",
        "Pu"
    ],
    "description": "Wheeled shoe\n\t\t\t\t    \t\n\t\t\t\t\t\nWhat are Heely's? They're shoes that roll! These one of a kind, powerful, lightweight athletic shoes feature a single, stealth wheel housed in the heel, allowing athletes of all skill levels to walk, run and transition to a roll at any moment. Roll into all situations, or simply remove the wheel and transform your Heely's into a pair of fashionable street shoes!",
    "price": 2146.0,
    "prime": true,
    "images": [
        "https://images-na.ssl-images-amazon.com/images/I/51nESDgsl4L._UL900_.jpg",
        "https://images-na.ssl-images-amazon.com/images/I/51zlJ4pD4AL._UL900_.jpg",
        "https://images-na.ssl-images-amazon.com/images/I/41wnc2RrbZL._UL900_.jpg",
        "https://images-na.ssl-images-amazon.com/images/I/410uSP9ys0L._UL900_.jpg",
        "https://images-na.ssl-images-amazon.com/images/I/41gtrFUIk3L._UL900_.jpg",
        "https://images-na.ssl-images-amazon.com/images/I/416hadltCgL._UL900_.jpg",
        "https://images-na.ssl-images-amazon.com/images/I/51uheJV8ESL._UL900_.jpg"
    ],
    "attributes": [
        {
            "name": "Special Size:",
            "value": "Big Kid (8-12 Years)"
        },
        {
            "name": "Color:",
            "value": "Pink/Metallic"
        }
    ],
    "categories": [
        {
            "node": "7141123011",
            "title": "Clothing, Shoes & Jewelry"
        },
        {
            "node": "7147442011",
            "title": "Girls"
        },
        {
            "node": "679217011",
            "title": "Shoes"
        },
        {
            "node": "3420857011",
            "title": "Sneakers"
        }
    ],
    "similar": [
        "B01K3A6686",
        "B07562ZW4Y",
        "B07881WX5P",
        "B01DE3J8HU",
        "B074RZWMMK",
        "B06VVHPMV9",
        "B016HVSANO",
        "B01MSZRHIX",
        "B074QRN23X",
        "B01NCTYJXN"
    ],
    "rating": 4.6
}
]
